<?xml version="1.0" encoding="UTF-8"?>
<robot generator="Robot 4.0 (Python 3.8.7 on win32)" generated="20210330 20:03:05.292" rpa="false" schemaversion="2">
<suite id="s1" name="Test" source="C:\Users\bsens\fsecure\test\test.robot">
<test id="s1-t1" name="[Teardown].">
<kw name="Close Browser" library="Selenium2Library">
<doc>Closes the current browser.</doc>
<status status="PASS" starttime="20210330 20:03:05.674" endtime="20210330 20:03:05.674"/>
</kw>
<status status="PASS" starttime="20210330 20:03:05.673" endtime="20210330 20:03:05.675"/>
</test>
<doc>This is a test suite with Robot Framework for message board</doc>
<status status="PASS" starttime="20210330 20:03:05.295" endtime="20210330 20:03:05.676"/>
</suite>
<statistics>
<total>
<stat pass="1" fail="0" skip="0">All Tests</stat>
</total>
<tag>
</tag>
<suite>
<stat pass="1" fail="0" skip="0" id="s1" name="Test">Test</stat>
</suite>
</statistics>
<errors>
</errors>
</robot>
