<?xml version="1.0" encoding="UTF-8"?>
<robot generator="Robot 4.0 (Python 3.8.7 on win32)" generated="20210331 11:22:59.334" rpa="false" schemaversion="2">
<suite id="s1" name="Test" source="C:\Users\bsens\fsecure\test\test.robot">
<test id="s1-t1" name="Flask Test">
<kw name="Open Browser" library="Selenium2Library">
<arg>${SERVER}</arg>
<doc>Opens a new browser instance to the optional ``url``.</doc>
<msg timestamp="20210331 11:22:59.624" level="INFO">Opening browser 'firefox' to base url 'http://127.0.0.1:5000/'.</msg>
<msg timestamp="20210331 11:22:59.626" level="INFO">Firefox driver log is always forced to to: C:\Users\bsens\fsecure\geckodriver-13.log</msg>
<status status="PASS" starttime="20210331 11:22:59.623" endtime="20210331 11:23:09.323"/>
</kw>
<kw name="Close Browser" library="Selenium2Library">
<doc>Closes the current browser.</doc>
<status status="PASS" starttime="20210331 11:23:09.324" endtime="20210331 11:23:10.671"/>
</kw>
<doc>This is a test suite with Robot Framework for message board.</doc>
<tag>Tag.</tag>
<status status="PASS" starttime="20210331 11:22:59.621" endtime="20210331 11:23:10.671"/>
</test>
<status status="PASS" starttime="20210331 11:22:59.335" endtime="20210331 11:23:10.674"/>
</suite>
<statistics>
<total>
<stat pass="1" fail="0" skip="0">All Tests</stat>
</total>
<tag>
<stat pass="1" fail="0" skip="0">Tag.</stat>
</tag>
<suite>
<stat pass="1" fail="0" skip="0" id="s1" name="Test">Test</stat>
</suite>
</statistics>
<errors>
</errors>
</robot>
